<?xml version="1.0" encoding="UTF-8"?>
<!-- Generated by org.testng.reporters.JUnitReportReporter -->
<testsuite hostname="Shah-Dell" name="GoogleTest" tests="3" failures="0" timestamp="14 Mar 2019 17:18:44 GMT" time="20.117" errors="0">
  <testcase name="googleLogoTest" time="8.037" classname="GoogleTest"/>
  <testcase name="googleTitleTest" time="5.929" classname="GoogleTest"/>
  <testcase name="mailLinkTest" time="6.151" classname="GoogleTest"/>
</testsuite> <!-- GoogleTest -->
