<?xml version="1.0" encoding="UTF-8"?>
<!-- Generated by org.testng.reporters.JUnitReportReporter -->
<testsuite hostname="Shah-Dell" name="TestNGbasic" tests="1" failures="0" timestamp="13 Mar 2019 03:22:54 GMT" time="0.007" errors="0">
  <testcase name="googlelogotest" time="0.007" classname="TestNGbasic"/>
</testsuite> <!-- TestNGbasic -->
