<?xml version="1.0" encoding="UTF-8"?>
<!-- Generated by org.testng.reporters.JUnitReportReporter -->
<testsuite hostname="Shah-Dell" name="TestNgBasics" tests="3" failures="0" timestamp="14 Mar 2019 02:23:24 GMT" time="0.031" errors="0">
  <testcase name="googleLogoTest" time="0.016" classname="TestNgBasics"/>
  <testcase name="googleTitleTest" time="0.015" classname="TestNgBasics"/>
  <testcase name="searchTest" time="0.000" classname="TestNgBasics"/>
</testsuite> <!-- TestNgBasics -->
